app/src/main/proguard-optimize.txt
# This is a configuration file for ProGuard.
# http://proguard.sourceforge.net/index.html#manual/usage.html

# Optimizations: If you don't want to optimize, use the
# proguard-android.txt configuration file instead of this one, which
# turns off the optimization flags.  Adding optimization introduces
# certain risks, since for example not all optimizations performed by
# ProGuard works on all versions of Dalvik.  The following flags turn
# off various optimizations known to have issues, but the list may not
# be complete or up to date. (The "arithmetic" optimization can be
# used if you are only targeting Android 2.0 or later.)  Make sure you
# test thoroughly if you go this route.
-optimizations !code/simplification/arithmetic,!code/simplification/cast,!field/*,!class/merging/*
-optimizationpasses 5
-allowaccessmodification
#-dontobfuscate
#-dontoptimize
-dontpreverify
-verbose

# The remainder of this file is identical to the non-optimized version
# of the Proguard configuration file (except that the other file has
# flags to turn off optimization).


-printusage usage.txt
-printmapping mapping.txt
-printconfiguration configuration.txt
-printseeds seeds.txt

-dontwarn android.support.**,androidx.***

-keepattributes *Annotation*
-keepattributes Signature
-keep public class com.google.vending.licensing.ILicensingService
-keep public class com.android.vending.licensing.ILicensingService

# For native methods, see http://proguard.sourceforge.net/manual/examples.html#native
-keepclasseswithmembers class * {
    native <methods>;
}

# keep setters in Views so that animations can still work.
# see http://proguard.sourceforge.net/manual/examples.html#beans
-keepclassmembers public class * extends android.view.View {
   void set*(***);
   *** get*();
}

# We want to keep methods in Activity that could be used in the XML attribute onClick
-keepclassmembers class * extends android.app.Activity {
   public void *(android.view.View);
}

# For enumeration classes, see http://proguard.sourceforge.net/manual/examples.html#enumerations
-keepclassmembers enum * {
    public static **[] values();
    public static ** valueOf(java.lang.String);
}

-keepclassmembers class * implements android.os.Parcelable {
  public static final android.os.Parcelable$Creator CREATOR;
}

-keepclassmembers class **.R$* {
    public static <fields>;
}

# for android.support library
# The support library contains references to newer platform versions.
# Don't warn about those in case this app is linking against an older
# platform version.  We know about them, and they are safe.
-dontwarn android.support.**

# Understand the @Keep support annotation.
-keep class android.support.annotation.Keep {*;}

-keep @android.support.annotation.Keep class * {*;}

-keepclasseswithmembers class * {
    @android.support.annotation.Keep <methods>;
}

-keepclasseswithmembers class * {
    @android.support.annotation.Keep <fields>;
}

-keepclasseswithmembers class * {
    @android.support.annotation.Keep <init>(...);
}

# for androidx library
-dontwarn androidx.***
-keepnames class androidx.appcompat.** {*;}
-keep class * extends androidx.appcompat.app.AppCompatViewInflater {*;}

# for com.mstar.android.media.MMediaPlayer library
-keepclassmembers class com.mstar.android.media.MMediaPlayer.** {
    private long mNaticeSubtitleSurfaceTexture;
    private SurfaceHolder mSubtitleSurfaceHolder;
    *;
}
-keepclassmembers class com.mstar.android.media.MMediaPlayer {
    private long mNaticeSubtitleSurfaceTexture;
    private android.view.SurfaceHolder mSubtitleSurfaceHolder;
}
-keepclassmembers class com.mstar.android.media.MMediaPlayer$** {*;}

# for glide library
-keep public class * implements com.bumptech.glide.module.GlideModule
-keep class * extends com.bumptech.glide.module.AppGlideModule {
 <init>(...);
}
-keep public enum com.bumptech.glide.load.ImageHeaderParser$** {
  **[] $VALUES;
  public *;
}
-keep class com.bumptech.glide.load.data.ParcelFileDescriptorRewinder$InternalRewinder {
  *** rewind();
}

# for this apk
-keepclassmembers class com.toptech.infopublish.view.MarqueeText {*;}