app/src/main/mapping.txt
android.support.v4.util.LogWriter -> android.support.v4.c.g:
    java.lang.String mTag -> mTag
    java.lang.StringBuilder mBuilder -> mBuilder
    void close() -> close
    void flush() -> flush
    void write(char[],int,int) -> write
    void flushBuilder() -> aO
android.support.v4.util.MapCollections -> android.support.v4.c.h:
    android.support.v4.util.MapCollections$EntrySet mEntrySet -> gR
    android.support.v4.util.MapCollections$KeySet mKeySet -> gS
    android.support.v4.util.MapCollections$ValuesCollection mValues -> gT
    boolean containsAllHelper(java.util.Map,java.util.Collection) -> containsAllHelper
    boolean removeAllHelper(java.util.Map,java.util.Collection) -> removeAllHelper
    boolean retainAllHelper(java.util.Map,java.util.Collection) -> retainAllHelper
    java.lang.Object[] toArrayHelper(int) -> toArrayHelper
    java.lang.Object[] toArrayHelper(java.lang.Object[],int) -> toArrayHelper
    boolean equalsSetHelper(java.util.Set,java.lang.Object) -> equalsSetHelper
    java.util.Set getEntrySet() -> getEntrySet
    java.util.Set getKeySet() -> getKeySet
    java.util.Collection getValues() -> getValues
    int colGetSize() -> colGetSize
    java.lang.Object colGetEntry(int,int) -> colGetEntry
    int colIndexOfKey(java.lang.Object) -> colIndexOfKey
    int colIndexOfValue(java.lang.Object) -> colIndexOfValue
    java.util.Map colGetMap() -> colGetMap
    void colPut(java.lang.Object,java.lang.Object) -> colPut
    java.lang.Object colSetValue(int,java.lang.Object) -> colSetValue
    void colRemoveAt(int) -> colRemoveAt
    void colClear() -> colClear
android.support.v4.util.MapCollections$ArrayIterator -> android.support.v4.c.i:
    int mOffset -> mOffset
    int mSize -> mSize
    int mIndex -> mIndex
    boolean mCanRemove -> mCanRemove
    android.support.v4.util.MapCollections this$0 -> gU
    boolean hasNext() -> hasNext
    java.lang.Object next() -> next
    void remove() -> remove
android.support.v4.util.MapCollections$EntrySet -> android.support.v4.c.j:
    android.support.v4.util.MapCollections this$0 -> gU
    boolean add(java.util.Map$Entry) -> add
    boolean addAll(java.util.Collection) -> addAll
    void clear() -> clear
    boolean contains(java.lang.Object) -> contains
    boolean containsAll(java.util.Collection) -> containsAll
    boolean isEmpty() -> isEmpty
    java.util.Iterator iterator() -> iterator
    boolean remove(java.lang.Object) -> remove
    boolean removeAll(java.util.Collection) -> removeAll
    boolean retainAll(java.util.Collection) -> retainAll
    int size() -> size
    java.lang.Object[] toArray() -> toArray
    java.lang.Object[] toArray(java.lang.Object[]) -> toArray
    boolean equals(java.lang.Object) -> equals
    int hashCode() -> hashCode
    boolean add(java.lang.Object) -> add
android.support.v4.util.MapCollections$KeySet -> android.support.v4.c.k:
    android.support.v4.util.MapCollections this$0 -> gU
    boolean add(java.lang.Object) -> add
    boolean addAll(java.util.Collection) -> addAll
    void clear() -> clear
    boolean contains(java.lang.Object) -> contains
    boolean containsAll(java.util.Collection) -> containsAll
    boolean isEmpty() -> isEmpty
    java.util.Iterator iterator() -> iterator
    boolean remove(java.lang.Object) -> remove
    boolean removeAll(java.util.Collection) -> removeAll
    boolean retainAll(java.util.Collection) -> retainAll
    int size() -> size
    java.lang.Object[] toArray() -> toArray
    java.lang.Object[] toArray(java.lang.Object[]) -> toArray
    boolean equals(java.lang.Object) -> equals
    int hashCode() -> hashCode