app/src/main/usage.txt
android.support.v4.app.SupportActivity:
    65:66:public void putExtraData(android.support.v4.app.SupportActivity$ExtraData)
    90:90:public android.support.v4.app.SupportActivity$ExtraData getExtraData(java.lang.Class)
android.support.v4.app.SupportActivity$ExtraData
android.support.v4.app.TaskStackBuilder
android.support.v4.app.TaskStackBuilder$SupportParentable
android.support.v4.content.AsyncTaskLoader
android.support.v4.content.AsyncTaskLoader$LoadTask
android.support.v4.content.ContentResolverCompat
android.support.v4.content.ContextCompat:
    private static final java.lang.String TAG
    158:160:protected ContextCompat()
    188:188:public static boolean startActivities(android.content.Context,android.content.Intent[])
    220:225:public static boolean startActivities(android.content.Context,android.content.Intent[],android.os.Bundle)
    247:252:public static void startActivity(android.content.Context,android.content.Intent,android.os.Bundle)
    271:275:public static java.io.File getDataDir(android.content.Context)
    324:327:public static java.io.File[] getObbDirs(android.content.Context)
    377:380:public static java.io.File[] getExternalFilesDirs(android.content.Context,java.lang.String)
    430:433:public static java.io.File[] getExternalCacheDirs(android.content.Context)
    438:446:private static varargs java.io.File buildPath(java.io.File,java.lang.String[])
    500:503:public static android.content.res.ColorStateList getColorStateList(android.content.Context,int)
    522:525:public static int getColor(android.content.Context,int)
    540:544:public static int checkSelfPermission(android.content.Context,java.lang.String)
    563:567:public static java.io.File getNoBackupFilesDir(android.content.Context)
    587:591:public static java.io.File getCodeCacheDir(android.content.Context)
    596:606:private static synchronized java.io.File createFilesDir(java.io.File)
android.support.v4.content.ContextCompat$LegacyServiceMapHolder
android.support.v4.content.CursorLoader
android.support.v4.content.FileProvider
android.support.v4.content.FileProvider$PathStrategy
android.support.v4.content.FileProvider$SimplePathStrategy
android.support.v4.content.IntentCompat
android.support.v4.content.Loader:
    android.support.v4.content.Loader$OnLoadCanceledListener mOnLoadCanceledListener
    android.content.Context mContext
    44:120:public Loader(android.content.Context)
    131:134:public void deliverResult(java.lang.Object)
    144:147:public void deliverCancellation()
    154:154:public android.content.Context getContext()
    161:161:public int getId()
    173:178:public void registerListener(int,android.support.v4.content.Loader$OnLoadCompleteListener)
    207:211:public void registerOnLoadCanceledListener(android.support.v4.content.Loader$OnLoadCanceledListener)
    223:230:public void unregisterOnLoadCanceledListener(android.support.v4.content.Loader$OnLoadCanceledListener)
    238:238:public boolean isStarted()
    247:247:public boolean isAbandoned()
    256:256:public boolean isReset()
    347:348:public void forceLoad()
    356:356:protected void onForceLoad()
    471:474:public boolean takeContentChanged()
    485:486:public void commitContentChanged()
    496:499:public void rollbackContentChanged()
    511:519:public void onContentChanged()
android.support.v4.content.Loader$ForceLoadContentObserver
android.support.v4.content.Loader$OnLoadCanceledListener
android.support.v4.content.Loader$OnLoadCompleteListener:
    public abstract void onLoadComplete(android.support.v4.content.Loader,java.lang.Object)
android.support.v4.content.LocalBroadcastManager
android.support.v4.content.LocalBroadcastManager$1
android.support.v4.content.LocalBroadcastManager$BroadcastRecord
android.support.v4.content.LocalBroadcastManager$ReceiverRecord
android.support.v4.content.MimeTypeFilter
android.support.v4.content.ModernAsyncTask
android.support.v4.content.ModernAsyncTask$1
android.support.v4.content.ModernAsyncTask$2